2024-12-13 20:42:55,164 - __main__ - INFO - Loading and preparing data...
2024-12-13 20:42:55,167 - pump_predictor.data.preprocessing - INFO - Successfully loaded data from /Users/Maulana/Documents/CODING/JURNAL/ML/project/data/pump_data.csv
2024-12-13 20:42:55,176 - pump_predictor.models.random_forest_model - INFO - Training Random Forest model...
2024-12-13 20:42:55,261 - pump_predictor.models.random_forest_model - INFO - Model training completed
2024-12-13 20:42:55,268 - __main__ - INFO - Random Forest Performance:
2024-12-13 20:42:55,268 - __main__ - INFO - accuracy: 1.0000
2024-12-13 20:42:55,268 - __main__ - INFO - precision: 1.0000
2024-12-13 20:42:55,268 - __main__ - INFO - recall: 1.0000
2024-12-13 20:42:55,268 - __main__ - INFO - f1: 1.0000
2024-12-13 20:42:55,268 - pump_predictor.models.xgboost_model - INFO - Training XGBoost model...
2024-12-13 20:42:55,321 - pump_predictor.models.xgboost_model - INFO - Model training completed
2024-12-13 20:42:55,325 - __main__ - INFO - XGBoost Performance:
2024-12-13 20:42:55,325 - __main__ - INFO - accuracy: 1.0000
2024-12-13 20:42:55,325 - __main__ - INFO - precision: 1.0000
2024-12-13 20:42:55,325 - __main__ - INFO - recall: 1.0000
2024-12-13 20:42:55,325 - __main__ - INFO - f1: 1.0000
2024-12-13 21:01:15,207 - __main__ - INFO - Loading and preparing data...
2024-12-13 21:01:15,210 - pump_predictor.data.preprocessing - INFO - Successfully loaded data from /Users/Maulana/Documents/CODING/JURNAL/ML/project/data/pump_data.csv
2024-12-13 21:01:15,219 - pump_predictor.models.random_forest_model - INFO - Training Random Forest model...
2024-12-13 21:01:15,299 - pump_predictor.models.random_forest_model - INFO - Model training completed
2024-12-13 21:01:15,310 - __main__ - INFO - Random Forest Performance:
2024-12-13 21:01:15,310 - __main__ - INFO - accuracy: 1.0000
2024-12-13 21:01:15,310 - __main__ - INFO - precision: 1.0000
2024-12-13 21:01:15,310 - __main__ - INFO - recall: 1.0000
2024-12-13 21:01:15,310 - __main__ - INFO - f1: 1.0000
2024-12-13 21:01:15,310 - pump_predictor.models.xgboost_model - INFO - Training XGBoost model...
2024-12-13 21:01:15,365 - pump_predictor.models.xgboost_model - INFO - Model training completed
2024-12-13 21:01:15,375 - __main__ - INFO - XGBoost Performance:
2024-12-13 21:01:15,375 - __main__ - INFO - accuracy: 1.0000
2024-12-13 21:01:15,375 - __main__ - INFO - precision: 1.0000
2024-12-13 21:01:15,375 - __main__ - INFO - recall: 1.0000
2024-12-13 21:01:15,375 - __main__ - INFO - f1: 1.0000
2024-12-13 21:13:29,351 - __main__ - INFO - Loading and preparing data...
2024-12-13 21:13:29,356 - pump_predictor.data.preprocessing - INFO - Successfully loaded data from /Users/Maulana/Documents/CODING/JURNAL/ML/project/data/pump_data.csv
2024-12-13 21:13:29,367 - pump_predictor.models.random_forest_model - INFO - Training Random Forest model...
2024-12-13 21:13:29,447 - pump_predictor.models.random_forest_model - INFO - Model training completed
2024-12-13 21:13:29,458 - __main__ - INFO - Random Forest Performance:
2024-12-13 21:13:29,459 - __main__ - INFO - accuracy: 1.0000
2024-12-13 21:13:29,459 - __main__ - INFO - precision: 1.0000
2024-12-13 21:13:29,459 - __main__ - INFO - recall: 1.0000
2024-12-13 21:13:29,459 - __main__ - INFO - f1: 1.0000
2024-12-13 21:13:29,460 - pump_predictor.models.xgboost_model - INFO - Training XGBoost model...
2024-12-13 21:13:29,505 - pump_predictor.models.xgboost_model - INFO - Model training completed
2024-12-13 21:13:29,510 - __main__ - INFO - XGBoost Performance:
2024-12-13 21:13:29,510 - __main__ - INFO - accuracy: 1.0000
2024-12-13 21:13:29,511 - __main__ - INFO - precision: 1.0000
2024-12-13 21:13:29,511 - __main__ - INFO - recall: 1.0000
2024-12-13 21:13:29,511 - __main__ - INFO - f1: 1.0000
2024-12-13 21:19:21,820 - __main__ - INFO - Loading and preparing data...
2024-12-13 21:19:21,826 - pump_predictor.data.preprocessing - INFO - Successfully loaded data from /Users/Maulana/Documents/CODING/JURNAL/ML/project/data/pump_data.csv
2024-12-13 21:19:21,838 - pump_predictor.models.random_forest_model - INFO - Training Random Forest model...
2024-12-13 21:19:21,942 - pump_predictor.models.random_forest_model - INFO - Model training completed
2024-12-13 21:19:21,955 - __main__ - INFO - Random Forest Performance:
2024-12-13 21:19:21,955 - __main__ - INFO - accuracy: 1.0000
2024-12-13 21:19:21,956 - __main__ - INFO - precision: 1.0000
2024-12-13 21:19:21,956 - __main__ - INFO - recall: 1.0000
2024-12-13 21:19:21,956 - __main__ - INFO - f1: 1.0000
2024-12-13 21:19:21,956 - pump_predictor.models.xgboost_model - INFO - Training XGBoost model...
2024-12-13 21:19:22,005 - pump_predictor.models.xgboost_model - INFO - Model training completed
2024-12-13 21:19:22,014 - __main__ - INFO - XGBoost Performance:
2024-12-13 21:19:22,015 - __main__ - INFO - accuracy: 1.0000
2024-12-13 21:19:22,015 - __main__ - INFO - precision: 1.0000
2024-12-13 21:19:22,015 - __main__ - INFO - recall: 1.0000
2024-12-13 21:19:22,015 - __main__ - INFO - f1: 1.0000
2024-12-13 21:20:09,476 - __main__ - INFO - Loading and preparing data...
2024-12-13 21:20:09,480 - pump_predictor.data.preprocessing - INFO - Successfully loaded data from /Users/Maulana/Documents/CODING/JURNAL/ML/project/data/pump_data.csv
2024-12-13 21:20:09,489 - pump_predictor.models.random_forest_model - INFO - Training Random Forest model...
2024-12-13 21:20:09,579 - pump_predictor.models.random_forest_model - INFO - Model training completed
2024-12-13 21:20:09,590 - __main__ - INFO - Random Forest Performance:
2024-12-13 21:20:09,590 - __main__ - INFO - accuracy: 1.0000
2024-12-13 21:20:09,590 - __main__ - INFO - precision: 1.0000
2024-12-13 21:20:09,590 - __main__ - INFO - recall: 1.0000
2024-12-13 21:20:09,590 - __main__ - INFO - f1: 1.0000
2024-12-13 21:20:09,590 - pump_predictor.models.xgboost_model - INFO - Training XGBoost model...
2024-12-13 21:20:09,629 - pump_predictor.models.xgboost_model - INFO - Model training completed
2024-12-13 21:20:09,636 - __main__ - INFO - XGBoost Performance:
2024-12-13 21:20:09,636 - __main__ - INFO - accuracy: 1.0000
2024-12-13 21:20:09,636 - __main__ - INFO - precision: 1.0000
2024-12-13 21:20:09,636 - __main__ - INFO - recall: 1.0000
2024-12-13 21:20:09,636 - __main__ - INFO - f1: 1.0000
2024-12-13 21:23:38,236 - __main__ - INFO - Loading and preparing data...
2024-12-13 21:23:38,246 - pump_predictor.data.preprocessing - INFO - Successfully loaded data from /Users/Maulana/Documents/CODING/JURNAL/ML/project/data/pump_data.csv
2024-12-13 21:23:38,261 - pump_predictor.models.random_forest_model - INFO - Training Random Forest model...
2024-12-13 21:23:38,352 - pump_predictor.models.random_forest_model - INFO - Model training completed
2024-12-13 21:23:38,364 - __main__ - INFO - Random Forest Performance:
2024-12-13 21:23:38,364 - __main__ - INFO - accuracy: 1.0000
2024-12-13 21:23:38,364 - __main__ - INFO - precision: 1.0000
2024-12-13 21:23:38,364 - __main__ - INFO - recall: 1.0000
2024-12-13 21:23:38,364 - __main__ - INFO - f1: 1.0000
2024-12-13 21:23:38,365 - pump_predictor.models.xgboost_model - INFO - Training XGBoost model...
2024-12-13 21:23:38,409 - pump_predictor.models.xgboost_model - INFO - Model training completed
2024-12-13 21:23:38,417 - __main__ - INFO - XGBoost Performance:
2024-12-13 21:23:38,417 - __main__ - INFO - accuracy: 1.0000
2024-12-13 21:23:38,417 - __main__ - INFO - precision: 1.0000
2024-12-13 21:23:38,417 - __main__ - INFO - recall: 1.0000
2024-12-13 21:23:38,417 - __main__ - INFO - f1: 1.0000
2024-12-13 21:48:30,209 - __main__ - INFO - Loading and preparing data...
2024-12-13 21:48:30,214 - pump_predictor.data.preprocessing - INFO - Successfully loaded data from /Users/Maulana/Documents/CODING/JURNAL/ML/project/data/pump_data.csv
2024-12-13 21:48:30,224 - pump_predictor.models.random_forest_model - INFO - Training Random Forest model...
2024-12-13 21:48:30,308 - pump_predictor.models.random_forest_model - INFO - Model training completed
2024-12-13 21:48:30,319 - __main__ - INFO - Random Forest Performance:
2024-12-13 21:48:30,319 - __main__ - INFO - accuracy: 1.0000
2024-12-13 21:48:30,320 - __main__ - INFO - precision: 1.0000
2024-12-13 21:48:30,320 - __main__ - INFO - recall: 1.0000
2024-12-13 21:48:30,320 - __main__ - INFO - f1: 1.0000
2024-12-13 21:48:30,320 - pump_predictor.models.xgboost_model - INFO - Training XGBoost model...
2024-12-13 21:48:30,361 - pump_predictor.models.xgboost_model - INFO - Model training completed
2024-12-13 21:48:30,367 - __main__ - INFO - XGBoost Performance:
2024-12-13 21:48:30,367 - __main__ - INFO - accuracy: 1.0000
2024-12-13 21:48:30,368 - __main__ - INFO - precision: 1.0000
2024-12-13 21:48:30,368 - __main__ - INFO - recall: 1.0000
2024-12-13 21:48:30,368 - __main__ - INFO - f1: 1.0000
2024-12-13 21:50:11,879 - __main__ - INFO - Loading and preparing data...
2024-12-13 21:50:11,885 - pump_predictor.data.preprocessing - INFO - Successfully loaded data from /Users/Maulana/Documents/CODING/JURNAL/ML/project/data/pump_data.csv
2024-12-13 21:50:11,898 - pump_predictor.models.random_forest_model - INFO - Training Random Forest model...
2024-12-13 21:50:11,980 - pump_predictor.models.random_forest_model - INFO - Model training completed
2024-12-13 21:50:11,991 - __main__ - INFO - Random Forest Performance:
2024-12-13 21:50:11,991 - __main__ - INFO - accuracy: 1.0000
2024-12-13 21:50:11,991 - __main__ - INFO - precision: 1.0000
2024-12-13 21:50:11,991 - __main__ - INFO - recall: 1.0000
2024-12-13 21:50:11,991 - __main__ - INFO - f1: 1.0000
2024-12-13 21:50:11,991 - pump_predictor.models.xgboost_model - INFO - Training XGBoost model...
2024-12-13 21:50:12,029 - pump_predictor.models.xgboost_model - INFO - Model training completed
2024-12-13 21:50:12,034 - __main__ - INFO - XGBoost Performance:
2024-12-13 21:50:12,035 - __main__ - INFO - accuracy: 1.0000
2024-12-13 21:50:12,035 - __main__ - INFO - precision: 1.0000
2024-12-13 21:50:12,035 - __main__ - INFO - recall: 1.0000
2024-12-13 21:50:12,035 - __main__ - INFO - f1: 1.0000
