2024-12-15 23:39:00,761 - __main__ - INFO - Loading and preparing data...
2024-12-15 23:39:00,763 - pump_predictor.data.preprocessing - INFO - Successfully loaded data from /Users/Maulana/Documents/CODING/JURNAL/ML/project/data/pump_data.csv
2024-12-15 23:39:00,767 - pump_predictor.models.random_forest_model - INFO - Training Random Forest model...
2024-12-15 23:39:00,816 - pump_predictor.models.random_forest_model - INFO - Model training completed
2024-12-15 23:39:00,822 - __main__ - INFO - Random Forest Performance:
2024-12-15 23:39:00,822 - __main__ - INFO - accuracy: 1.0000
2024-12-15 23:39:00,822 - __main__ - INFO - precision: 1.0000
2024-12-15 23:39:00,822 - __main__ - INFO - recall: 1.0000
2024-12-15 23:39:00,822 - __main__ - INFO - f1: 1.0000
2024-12-15 23:39:00,822 - pump_predictor.models.xgboost_model - INFO - Training XGBoost model...
2024-12-15 23:39:00,895 - pump_predictor.models.xgboost_model - INFO - Model training completed
2024-12-15 23:39:00,899 - __main__ - INFO - XGBoost Performance:
2024-12-15 23:39:00,899 - __main__ - INFO - accuracy: 1.0000
2024-12-15 23:39:00,899 - __main__ - INFO - precision: 1.0000
2024-12-15 23:39:00,899 - __main__ - INFO - recall: 1.0000
2024-12-15 23:39:00,899 - __main__ - INFO - f1: 1.0000
2024-12-15 23:44:09,351 - __main__ - INFO - Loading and preparing data...
2024-12-15 23:44:09,355 - pump_predictor.data.preprocessing - INFO - Successfully loaded data from /Users/Maulana/Documents/CODING/JURNAL/ML/project/data/pump_data.csv
2024-12-15 23:44:09,362 - pump_predictor.models.random_forest_model - INFO - Training Random Forest model...
2024-12-15 23:44:09,409 - pump_predictor.models.random_forest_model - INFO - Model training completed
2024-12-15 23:44:09,415 - __main__ - INFO - Random Forest Performance:
2024-12-15 23:44:09,415 - __main__ - INFO - accuracy: 1.0000
2024-12-15 23:44:09,415 - __main__ - INFO - precision: 1.0000
2024-12-15 23:44:09,415 - __main__ - INFO - recall: 1.0000
2024-12-15 23:44:09,415 - __main__ - INFO - f1: 1.0000
2024-12-15 23:44:09,415 - pump_predictor.models.xgboost_model - INFO - Training XGBoost model...
2024-12-15 23:44:09,442 - pump_predictor.models.xgboost_model - INFO - Model training completed
2024-12-15 23:44:09,445 - __main__ - INFO - XGBoost Performance:
2024-12-15 23:44:09,445 - __main__ - INFO - accuracy: 1.0000
2024-12-15 23:44:09,445 - __main__ - INFO - precision: 1.0000
2024-12-15 23:44:09,445 - __main__ - INFO - recall: 1.0000
2024-12-15 23:44:09,446 - __main__ - INFO - f1: 1.0000
2024-12-15 23:51:32,921 - __main__ - INFO - Loading and preparing data...
2024-12-15 23:51:32,924 - pump_predictor.data.preprocessing - INFO - Successfully loaded data from /Users/Maulana/Documents/CODING/JURNAL/ML/project/data/pump_data.csv
2024-12-15 23:51:32,931 - pump_predictor.models.random_forest_model - INFO - Training Random Forest model...
2024-12-15 23:51:32,978 - pump_predictor.models.random_forest_model - INFO - Model training completed
2024-12-15 23:51:32,985 - __main__ - INFO - Random Forest Performance:
2024-12-15 23:51:32,985 - __main__ - INFO - accuracy: 1.0000
2024-12-15 23:51:32,985 - __main__ - INFO - precision: 1.0000
2024-12-15 23:51:32,985 - __main__ - INFO - recall: 1.0000
2024-12-15 23:51:32,985 - __main__ - INFO - f1: 1.0000
2024-12-15 23:51:51,900 - __main__ - INFO - Loading and preparing data...
2024-12-15 23:51:51,904 - pump_predictor.data.preprocessing - INFO - Successfully loaded data from /Users/Maulana/Documents/CODING/JURNAL/ML/project/data/pump_data.csv
2024-12-15 23:51:51,911 - pump_predictor.models.random_forest_model - INFO - Training Random Forest model...
2024-12-15 23:51:51,958 - pump_predictor.models.random_forest_model - INFO - Model training completed
2024-12-15 23:51:51,965 - __main__ - INFO - Random Forest Performance:
2024-12-15 23:51:51,965 - __main__ - INFO - accuracy: 1.0000
2024-12-15 23:51:51,965 - __main__ - INFO - precision: 1.0000
2024-12-15 23:51:51,965 - __main__ - INFO - recall: 1.0000
2024-12-15 23:51:51,965 - __main__ - INFO - f1: 1.0000
2024-12-15 23:52:09,627 - __main__ - INFO - Loading and preparing data...
2024-12-15 23:52:09,630 - pump_predictor.data.preprocessing - INFO - Successfully loaded data from /Users/Maulana/Documents/CODING/JURNAL/ML/project/data/pump_data.csv
2024-12-15 23:52:09,637 - pump_predictor.models.random_forest_model - INFO - Training Random Forest model...
2024-12-15 23:52:09,684 - pump_predictor.models.random_forest_model - INFO - Model training completed
2024-12-15 23:52:09,691 - __main__ - INFO - Random Forest Performance:
2024-12-15 23:52:09,691 - __main__ - INFO - accuracy: 1.0000
2024-12-15 23:52:09,691 - __main__ - INFO - precision: 1.0000
2024-12-15 23:52:09,691 - __main__ - INFO - recall: 1.0000
2024-12-15 23:52:09,691 - __main__ - INFO - f1: 1.0000
2024-12-15 23:52:09,691 - pump_predictor.models.xgboost_model - INFO - Training XGBoost model...
2024-12-15 23:52:09,711 - pump_predictor.models.xgboost_model - INFO - Model training completed
2024-12-15 23:52:09,716 - __main__ - INFO - XGBoost Performance:
2024-12-15 23:52:09,716 - __main__ - INFO - accuracy: 1.0000
2024-12-15 23:52:09,716 - __main__ - INFO - precision: 1.0000
2024-12-15 23:52:09,716 - __main__ - INFO - recall: 1.0000
2024-12-15 23:52:09,716 - __main__ - INFO - f1: 1.0000
2024-12-15 23:54:02,271 - __main__ - INFO - Loading and preparing data...
2024-12-15 23:54:02,275 - pump_predictor.data.preprocessing - INFO - Successfully loaded data from /Users/Maulana/Documents/CODING/JURNAL/ML/project/data/pump_data.csv
2024-12-15 23:54:02,282 - pump_predictor.models.random_forest_model - INFO - Training Random Forest model...
2024-12-15 23:54:02,328 - pump_predictor.models.random_forest_model - INFO - Model training completed
2024-12-15 23:54:02,334 - __main__ - INFO - Random Forest Performance:
2024-12-15 23:54:02,334 - __main__ - INFO - accuracy: 1.0000
2024-12-15 23:54:02,334 - __main__ - INFO - precision: 1.0000
2024-12-15 23:54:02,334 - __main__ - INFO - recall: 1.0000
2024-12-15 23:54:02,334 - __main__ - INFO - f1: 1.0000
2024-12-15 23:54:02,334 - pump_predictor.models.xgboost_model - INFO - Training XGBoost model...
2024-12-15 23:54:02,351 - pump_predictor.models.xgboost_model - INFO - Model training completed
2024-12-15 23:54:02,355 - __main__ - INFO - XGBoost Performance:
2024-12-15 23:54:02,355 - __main__ - INFO - accuracy: 1.0000
2024-12-15 23:54:02,355 - __main__ - INFO - precision: 1.0000
2024-12-15 23:54:02,355 - __main__ - INFO - recall: 1.0000
2024-12-15 23:54:02,355 - __main__ - INFO - f1: 1.0000
2024-12-15 23:55:03,293 - __main__ - INFO - Loading and preparing data...
2024-12-15 23:55:03,297 - pump_predictor.data.preprocessing - INFO - Successfully loaded data from /Users/Maulana/Documents/CODING/JURNAL/ML/project/data/pump_data.csv
2024-12-15 23:55:03,305 - pump_predictor.models.random_forest_model - INFO - Training Random Forest model...
2024-12-15 23:55:03,351 - pump_predictor.models.random_forest_model - INFO - Model training completed
2024-12-15 23:55:03,358 - __main__ - INFO - Random Forest Performance:
2024-12-15 23:55:03,358 - __main__ - INFO - accuracy: 1.0000
2024-12-15 23:55:03,358 - __main__ - INFO - precision: 1.0000
2024-12-15 23:55:03,358 - __main__ - INFO - recall: 1.0000
2024-12-15 23:55:03,358 - __main__ - INFO - f1: 1.0000
2024-12-15 23:55:03,358 - pump_predictor.models.xgboost_model - INFO - Training XGBoost model...
2024-12-15 23:55:03,371 - pump_predictor.models.xgboost_model - INFO - Model training completed
2024-12-15 23:55:03,374 - __main__ - INFO - XGBoost Performance:
2024-12-15 23:55:03,374 - __main__ - INFO - accuracy: 1.0000
2024-12-15 23:55:03,374 - __main__ - INFO - precision: 1.0000
2024-12-15 23:55:03,374 - __main__ - INFO - recall: 1.0000
2024-12-15 23:55:03,374 - __main__ - INFO - f1: 1.0000
